Analysis & Synthesis report for RegisterSwitch
Thu May 02 14:03:25 2019
Quartus Prime Version 18.0.0 Build 614 04/24/2018 SJ Standard Edition


---------------------
; Table of Contents ;
---------------------
  1. Legal Notice
  2. Analysis & Synthesis Summary
  3. Analysis & Synthesis Settings
  4. Parallel Compilation
  5. Analysis & Synthesis Source Files Read
  6. Analysis & Synthesis Resource Usage Summary
  7. Analysis & Synthesis Resource Utilization by Entity
  8. Analysis & Synthesis DSP Block Usage Summary
  9. User-Specified and Inferred Latches
 10. General Register Statistics
 11. Multiplexer Restructuring Statistics (Restructuring Performed)
 12. Parameter Settings for Inferred Entity Instance: lpm_mult:Mult1
 13. Parameter Settings for Inferred Entity Instance: lpm_mult:Mult2
 14. Parameter Settings for Inferred Entity Instance: lpm_mult:Mult3
 15. Parameter Settings for Inferred Entity Instance: lpm_mult:Mult0
 16. lpm_mult Parameter Settings by Entity Instance
 17. Post-Synthesis Netlist Statistics for Top Partition
 18. Elapsed Time Per Partition
 19. Analysis & Synthesis Messages



----------------
; Legal Notice ;
----------------
Copyright (C) 2018  Intel Corporation. All rights reserved.
Your use of Intel Corporation's design tools, logic functions 
and other software and tools, and its AMPP partner logic 
functions, and any output files from any of the foregoing 
(including device programming or simulation files), and any 
associated documentation or information are expressly subject 
to the terms and conditions of the Intel Program License 
Subscription Agreement, the Intel Quartus Prime License Agreement,
the Intel FPGA IP License Agreement, or other applicable license
agreement, including, without limitation, that your use is for
the sole purpose of programming logic devices manufactured by
Intel and sold by Intel or its authorized distributors.  Please
refer to the applicable agreement for further details.



+--------------------------------------------------------------------------------------+
; Analysis & Synthesis Summary                                                         ;
+------------------------------------+-------------------------------------------------+
; Analysis & Synthesis Status        ; Successful - Thu May 02 14:03:25 2019           ;
; Quartus Prime Version              ; 18.0.0 Build 614 04/24/2018 SJ Standard Edition ;
; Revision Name                      ; RegisterSwitch                                  ;
; Top-level Entity Name              ; RegisterSwitchorALU                             ;
; Family                             ; Cyclone IV E                                    ;
; Total logic elements               ; 144                                             ;
;     Total combinational functions  ; 144                                             ;
;     Dedicated logic registers      ; 0                                               ;
; Total registers                    ; 0                                               ;
; Total pins                         ; 46                                              ;
; Total virtual pins                 ; 0                                               ;
; Total memory bits                  ; 0                                               ;
; Embedded Multiplier 9-bit elements ; 4                                               ;
; Total PLLs                         ; 0                                               ;
+------------------------------------+-------------------------------------------------+


+-------------------------------------------------------------------------------------------------------------+
; Analysis & Synthesis Settings                                                                               ;
+------------------------------------------------------------------+---------------------+--------------------+
; Option                                                           ; Setting             ; Default Value      ;
+------------------------------------------------------------------+---------------------+--------------------+
; Device                                                           ; EP4CE115F29C7       ;                    ;
; Top-level entity name                                            ; RegisterSwitchorALU ; RegisterSwitch     ;
; Family name                                                      ; Cyclone IV E        ; Cyclone V          ;
; Use smart compilation                                            ; Off                 ; Off                ;
; Enable parallel Assembler and Timing Analyzer during compilation ; On                  ; On                 ;
; Enable compact report table                                      ; Off                 ; Off                ;
; Restructure Multiplexers                                         ; Auto                ; Auto               ;
; Create Debugging Nodes for IP Cores                              ; Off                 ; Off                ;
; Preserve fewer node names                                        ; On                  ; On                 ;
; Intel FPGA IP Evaluation Mode                                    ; Enable              ; Enable             ;
; Verilog Version                                                  ; Verilog_2001        ; Verilog_2001       ;
; VHDL Version                                                     ; VHDL_1993           ; VHDL_1993          ;
; State Machine Processing                                         ; Auto                ; Auto               ;
; Safe State Machine                                               ; Off                 ; Off                ;
; Extract Verilog State Machines                                   ; On                  ; On                 ;
; Extract VHDL State Machines                                      ; On                  ; On                 ;
; Ignore Verilog initial constructs                                ; Off                 ; Off                ;
; Iteration limit for constant Verilog loops                       ; 5000                ; 5000               ;
; Iteration limit for non-constant Verilog loops                   ; 250                 ; 250                ;
; Add Pass-Through Logic to Inferred RAMs                          ; On                  ; On                 ;
; Infer RAMs from Raw Logic                                        ; On                  ; On                 ;
; Parallel Synthesis                                               ; On                  ; On                 ;
; DSP Block Balancing                                              ; Auto                ; Auto               ;
; NOT Gate Push-Back                                               ; On                  ; On                 ;
; Power-Up Don't Care                                              ; On                  ; On                 ;
; Remove Redundant Logic Cells                                     ; Off                 ; Off                ;
; Remove Duplicate Registers                                       ; On                  ; On                 ;
; Ignore CARRY Buffers                                             ; Off                 ; Off                ;
; Ignore CASCADE Buffers                                           ; Off                 ; Off                ;
; Ignore GLOBAL Buffers                                            ; Off                 ; Off                ;
; Ignore ROW GLOBAL Buffers                                        ; Off                 ; Off                ;
; Ignore LCELL Buffers                                             ; Off                 ; Off                ;
; Ignore SOFT Buffers                                              ; On                  ; On                 ;
; Limit AHDL Integers to 32 Bits                                   ; Off                 ; Off                ;
; Optimization Technique                                           ; Balanced            ; Balanced           ;
; Carry Chain Length                                               ; 70                  ; 70                 ;
; Auto Carry Chains                                                ; On                  ; On                 ;
; Auto Open-Drain Pins                                             ; On                  ; On                 ;
; Perform WYSIWYG Primitive Resynthesis                            ; Off                 ; Off                ;
; Auto ROM Replacement                                             ; On                  ; On                 ;
; Auto RAM Replacement                                             ; On                  ; On                 ;
; Auto DSP Block Replacement                                       ; On                  ; On                 ;
; Auto Shift Register Replacement                                  ; Auto                ; Auto               ;
; Allow Shift Register Merging across Hierarchies                  ; Auto                ; Auto               ;
; Auto Clock Enable Replacement                                    ; On                  ; On                 ;
; Strict RAM Replacement                                           ; Off                 ; Off                ;
; Allow Synchronous Control Signals                                ; On                  ; On                 ;
; Force Use of Synchronous Clear Signals                           ; Off                 ; Off                ;
; Auto RAM Block Balancing                                         ; On                  ; On                 ;
; Auto RAM to Logic Cell Conversion                                ; Off                 ; Off                ;
; Auto Resource Sharing                                            ; Off                 ; Off                ;
; Allow Any RAM Size For Recognition                               ; Off                 ; Off                ;
; Allow Any ROM Size For Recognition                               ; Off                 ; Off                ;
; Allow Any Shift Register Size For Recognition                    ; Off                 ; Off                ;
; Use LogicLock Constraints during Resource Balancing              ; On                  ; On                 ;
; Ignore translate_off and synthesis_off directives                ; Off                 ; Off                ;
; Timing-Driven Synthesis                                          ; On                  ; On                 ;
; Report Parameter Settings                                        ; On                  ; On                 ;
; Report Source Assignments                                        ; On                  ; On                 ;
; Report Connectivity Checks                                       ; On                  ; On                 ;
; Ignore Maximum Fan-Out Assignments                               ; Off                 ; Off                ;
; Synchronization Register Chain Length                            ; 2                   ; 2                  ;
; Power Optimization During Synthesis                              ; Normal compilation  ; Normal compilation ;
; HDL message level                                                ; Level2              ; Level2             ;
; Suppress Register Optimization Related Messages                  ; Off                 ; Off                ;
; Number of Removed Registers Reported in Synthesis Report         ; 5000                ; 5000               ;
; Number of Swept Nodes Reported in Synthesis Report               ; 5000                ; 5000               ;
; Number of Inverted Registers Reported in Synthesis Report        ; 100                 ; 100                ;
; Clock MUX Protection                                             ; On                  ; On                 ;
; Auto Gated Clock Conversion                                      ; Off                 ; Off                ;
; Block Design Naming                                              ; Auto                ; Auto               ;
; SDC constraint protection                                        ; Off                 ; Off                ;
; Synthesis Effort                                                 ; Auto                ; Auto               ;
; Shift Register Replacement - Allow Asynchronous Clear Signal     ; On                  ; On                 ;
; Pre-Mapping Resynthesis Optimization                             ; Off                 ; Off                ;
; Analysis & Synthesis Message Level                               ; Medium              ; Medium             ;
; Disable Register Merging Across Hierarchies                      ; Auto                ; Auto               ;
; Resource Aware Inference For Block RAM                           ; On                  ; On                 ;
+------------------------------------------------------------------+---------------------+--------------------+


+------------------------------------------+
; Parallel Compilation                     ;
+----------------------------+-------------+
; Processors                 ; Number      ;
+----------------------------+-------------+
; Number detected on machine ; 8           ;
; Maximum allowed            ; 4           ;
;                            ;             ;
; Average used               ; 1.00        ;
; Maximum used               ; 4           ;
;                            ;             ;
; Usage by Processor         ; % Time Used ;
;     Processor 1            ; 100.0%      ;
;     Processor 2            ;   0.0%      ;
;     Processors 3-4         ;   0.0%      ;
+----------------------------+-------------+


+------------------------------------------------------------------------------------------------------------------------------------------------------------------------+
; Analysis & Synthesis Source Files Read                                                                                                                                 ;
+----------------------------------+-----------------+------------------------------+--------------------------------------------------------------------------+---------+
; File Name with User-Entered Path ; Used in Netlist ; File Type                    ; File Name with Absolute Path                                             ; Library ;
+----------------------------------+-----------------+------------------------------+--------------------------------------------------------------------------+---------+
; RegisterSwitchorALU.v            ; yes             ; User Verilog HDL File        ; U:/281/Digital-Calculator/RegisterSwitch_ALU/RegisterSwitchorALU.v       ;         ;
; lpm_mult.tdf                     ; yes             ; Megafunction                 ; c:/altera/intelfpga/18.0/quartus/libraries/megafunctions/lpm_mult.tdf    ;         ;
; aglobal180.inc                   ; yes             ; Megafunction                 ; c:/altera/intelfpga/18.0/quartus/libraries/megafunctions/aglobal180.inc  ;         ;
; lpm_add_sub.inc                  ; yes             ; Megafunction                 ; c:/altera/intelfpga/18.0/quartus/libraries/megafunctions/lpm_add_sub.inc ;         ;
; multcore.inc                     ; yes             ; Megafunction                 ; c:/altera/intelfpga/18.0/quartus/libraries/megafunctions/multcore.inc    ;         ;
; bypassff.inc                     ; yes             ; Megafunction                 ; c:/altera/intelfpga/18.0/quartus/libraries/megafunctions/bypassff.inc    ;         ;
; altshift.inc                     ; yes             ; Megafunction                 ; c:/altera/intelfpga/18.0/quartus/libraries/megafunctions/altshift.inc    ;         ;
; db/mult_u9t.tdf                  ; yes             ; Auto-Generated Megafunction  ; U:/281/Digital-Calculator/RegisterSwitch_ALU/db/mult_u9t.tdf             ;         ;
+----------------------------------+-----------------+------------------------------+--------------------------------------------------------------------------+---------+


+----------------------------------------------------------+
; Analysis & Synthesis Resource Usage Summary              ;
+---------------------------------------------+------------+
; Resource                                    ; Usage      ;
+---------------------------------------------+------------+
; Estimated Total logic elements              ; 144        ;
;                                             ;            ;
; Total combinational functions               ; 144        ;
; Logic element usage by number of LUT inputs ;            ;
;     -- 4 input functions                    ; 71         ;
;     -- 3 input functions                    ; 56         ;
;     -- <=2 input functions                  ; 17         ;
;                                             ;            ;
; Logic elements by mode                      ;            ;
;     -- normal mode                          ; 139        ;
;     -- arithmetic mode                      ; 5          ;
;                                             ;            ;
; Total registers                             ; 0          ;
;     -- Dedicated logic registers            ; 0          ;
;     -- I/O registers                        ; 0          ;
;                                             ;            ;
; I/O pins                                    ; 46         ;
;                                             ;            ;
; Embedded Multiplier 9-bit elements          ; 4          ;
;                                             ;            ;
; Maximum fan-out node                        ; K[1]~input ;
; Maximum fan-out                             ; 43         ;
; Total fan-out                               ; 591        ;
; Average fan-out                             ; 2.42       ;
+---------------------------------------------+------------+


+---------------------------------------------------------------------------------------------------------------------------------------------------------------------------------------------------------------------------------------------------------------+
; Analysis & Synthesis Resource Utilization by Entity                                                                                                                                                                                                           ;
+---------------------------------+---------------------+---------------------------+-------------+--------------+---------+-----------+------+--------------+-------------------------------------------------------------+---------------------+--------------+
; Compilation Hierarchy Node      ; Combinational ALUTs ; Dedicated Logic Registers ; Memory Bits ; DSP Elements ; DSP 9x9 ; DSP 18x18 ; Pins ; Virtual Pins ; Full Hierarchy Name                                         ; Entity Name         ; Library Name ;
+---------------------------------+---------------------+---------------------------+-------------+--------------+---------+-----------+------+--------------+-------------------------------------------------------------+---------------------+--------------+
; |RegisterSwitchorALU            ; 144 (144)           ; 0 (0)                     ; 0           ; 4            ; 4       ; 0         ; 46   ; 0            ; |RegisterSwitchorALU                                        ; RegisterSwitchorALU ; work         ;
;    |lpm_mult:Mult0|             ; 0 (0)               ; 0 (0)                     ; 0           ; 1            ; 1       ; 0         ; 0    ; 0            ; |RegisterSwitchorALU|lpm_mult:Mult0                         ; lpm_mult            ; work         ;
;       |mult_u9t:auto_generated| ; 0 (0)               ; 0 (0)                     ; 0           ; 1            ; 1       ; 0         ; 0    ; 0            ; |RegisterSwitchorALU|lpm_mult:Mult0|mult_u9t:auto_generated ; mult_u9t            ; work         ;
;    |lpm_mult:Mult1|             ; 0 (0)               ; 0 (0)                     ; 0           ; 1            ; 1       ; 0         ; 0    ; 0            ; |RegisterSwitchorALU|lpm_mult:Mult1                         ; lpm_mult            ; work         ;
;       |mult_u9t:auto_generated| ; 0 (0)               ; 0 (0)                     ; 0           ; 1            ; 1       ; 0         ; 0    ; 0            ; |RegisterSwitchorALU|lpm_mult:Mult1|mult_u9t:auto_generated ; mult_u9t            ; work         ;
;    |lpm_mult:Mult2|             ; 0 (0)               ; 0 (0)                     ; 0           ; 1            ; 1       ; 0         ; 0    ; 0            ; |RegisterSwitchorALU|lpm_mult:Mult2                         ; lpm_mult            ; work         ;
;       |mult_u9t:auto_generated| ; 0 (0)               ; 0 (0)                     ; 0           ; 1            ; 1       ; 0         ; 0    ; 0            ; |RegisterSwitchorALU|lpm_mult:Mult2|mult_u9t:auto_generated ; mult_u9t            ; work         ;
;    |lpm_mult:Mult3|             ; 0 (0)               ; 0 (0)                     ; 0           ; 1            ; 1       ; 0         ; 0    ; 0            ; |RegisterSwitchorALU|lpm_mult:Mult3                         ; lpm_mult            ; work         ;
;       |mult_u9t:auto_generated| ; 0 (0)               ; 0 (0)                     ; 0           ; 1            ; 1       ; 0         ; 0    ; 0            ; |RegisterSwitchorALU|lpm_mult:Mult3|mult_u9t:auto_generated ; mult_u9t            ; work         ;
+---------------------------------+---------------------+---------------------------+-------------+--------------+---------+-----------+------+--------------+-------------------------------------------------------------+---------------------+--------------+
Note: For table entries with two numbers listed, the numbers in parentheses indicate the number of resources of the given type used by the specific entity alone. The numbers listed outside of parentheses indicate the total resources of the given type used by the specific entity and all of its sub-entities in the hierarchy.


+-----------------------------------------------------+
; Analysis & Synthesis DSP Block Usage Summary        ;
+---------------------------------------+-------------+
; Statistic                             ; Number Used ;
+---------------------------------------+-------------+
; Simple Multipliers (9-bit)            ; 4           ;
; Simple Multipliers (18-bit)           ; 0           ;
; Embedded Multiplier Blocks            ; --          ;
; Embedded Multiplier 9-bit elements    ; 4           ;
; Signed Embedded Multipliers           ; 0           ;
; Unsigned Embedded Multipliers         ; 4           ;
; Mixed Sign Embedded Multipliers       ; 0           ;
; Variable Sign Embedded Multipliers    ; 0           ;
; Dedicated Input Shift Register Chains ; 0           ;
+---------------------------------------+-------------+
Note: number of Embedded Multiplier Blocks used is only available after a successful fit.


+----------------------------------------------------------------------------------------------------+
; User-Specified and Inferred Latches                                                                ;
+-----------------------------------------------------+---------------------+------------------------+
; Latch Name                                          ; Latch Enable Signal ; Free of Timing Hazards ;
+-----------------------------------------------------+---------------------+------------------------+
; R0[0]$latch                                         ; R0[4]               ; yes                    ;
; R0[1]$latch                                         ; R0[4]               ; yes                    ;
; R0[2]$latch                                         ; R0[4]               ; yes                    ;
; R0[3]$latch                                         ; R0[4]               ; yes                    ;
; R0[4]$latch                                         ; R0[4]               ; yes                    ;
; R1[0]$latch                                         ; R1[4]               ; yes                    ;
; R1[1]$latch                                         ; R1[4]               ; yes                    ;
; R1[2]$latch                                         ; R1[4]               ; yes                    ;
; R1[3]$latch                                         ; R1[4]               ; yes                    ;
; R1[4]$latch                                         ; R1[4]               ; yes                    ;
; R2[0]$latch                                         ; R2[4]               ; yes                    ;
; R2[1]$latch                                         ; R2[4]               ; yes                    ;
; R2[2]$latch                                         ; R2[4]               ; yes                    ;
; R2[3]$latch                                         ; R2[4]               ; yes                    ;
; R2[4]$latch                                         ; R2[4]               ; yes                    ;
; R3[0]$latch                                         ; R3[4]               ; yes                    ;
; R3[1]$latch                                         ; R3[4]               ; yes                    ;
; R3[2]$latch                                         ; R3[4]               ; yes                    ;
; R3[3]$latch                                         ; R3[4]               ; yes                    ;
; R3[4]$latch                                         ; R3[4]               ; yes                    ;
; Number of user-specified and inferred latches = 20  ;                     ;                        ;
+-----------------------------------------------------+---------------------+------------------------+
Note: All latches listed above may not be present at the end of synthesis due to various synthesis optimizations.


+------------------------------------------------------+
; General Register Statistics                          ;
+----------------------------------------------+-------+
; Statistic                                    ; Value ;
+----------------------------------------------+-------+
; Total registers                              ; 0     ;
; Number of registers using Synchronous Clear  ; 0     ;
; Number of registers using Synchronous Load   ; 0     ;
; Number of registers using Asynchronous Clear ; 0     ;
; Number of registers using Asynchronous Load  ; 0     ;
; Number of registers using Clock Enable       ; 0     ;
; Number of registers using Preset             ; 0     ;
+----------------------------------------------+-------+


+------------------------------------------------------------------------------------------------------------------------------------------+
; Multiplexer Restructuring Statistics (Restructuring Performed)                                                                           ;
+--------------------+-----------+---------------+----------------------+------------------------+------------+----------------------------+
; Multiplexer Inputs ; Bus Width ; Baseline Area ; Area if Restructured ; Saving if Restructured ; Registered ; Example Multiplexer Output ;
+--------------------+-----------+---------------+----------------------+------------------------+------------+----------------------------+
; 8:1                ; 3 bits    ; 15 LEs        ; 9 LEs                ; 6 LEs                  ; No         ; |RegisterSwitchorALU|Mux30 ;
; 4:1                ; 5 bits    ; 10 LEs        ; 10 LEs               ; 0 LEs                  ; No         ; |RegisterSwitchorALU|Add0  ;
; 35:1               ; 2 bits    ; 46 LEs        ; 24 LEs               ; 22 LEs                 ; No         ; |RegisterSwitchorALU|Mux37 ;
+--------------------+-----------+---------------+----------------------+------------------------+------------+----------------------------+


+-------------------------------------------------------------------------------------+
; Parameter Settings for Inferred Entity Instance: lpm_mult:Mult1                     ;
+------------------------------------------------+--------------+---------------------+
; Parameter Name                                 ; Value        ; Type                ;
+------------------------------------------------+--------------+---------------------+
; AUTO_CARRY_CHAINS                              ; ON           ; AUTO_CARRY          ;
; IGNORE_CARRY_BUFFERS                           ; OFF          ; IGNORE_CARRY        ;
; AUTO_CASCADE_CHAINS                            ; ON           ; AUTO_CASCADE        ;
; IGNORE_CASCADE_BUFFERS                         ; OFF          ; IGNORE_CASCADE      ;
; LPM_WIDTHA                                     ; 5            ; Untyped             ;
; LPM_WIDTHB                                     ; 5            ; Untyped             ;
; LPM_WIDTHP                                     ; 10           ; Untyped             ;
; LPM_WIDTHR                                     ; 10           ; Untyped             ;
; LPM_WIDTHS                                     ; 1            ; Untyped             ;
; LPM_REPRESENTATION                             ; UNSIGNED     ; Untyped             ;
; LPM_PIPELINE                                   ; 0            ; Untyped             ;
; LATENCY                                        ; 0            ; Untyped             ;
; INPUT_A_IS_CONSTANT                            ; NO           ; Untyped             ;
; INPUT_B_IS_CONSTANT                            ; NO           ; Untyped             ;
; USE_EAB                                        ; OFF          ; Untyped             ;
; MAXIMIZE_SPEED                                 ; 5            ; Untyped             ;
; DEVICE_FAMILY                                  ; Cyclone IV E ; Untyped             ;
; CARRY_CHAIN                                    ; MANUAL       ; Untyped             ;
; APEX20K_TECHNOLOGY_MAPPER                      ; LUT          ; TECH_MAPPER_APEX20K ;
; DEDICATED_MULTIPLIER_CIRCUITRY                 ; AUTO         ; Untyped             ;
; DEDICATED_MULTIPLIER_MIN_INPUT_WIDTH_FOR_AUTO  ; 0            ; Untyped             ;
; DEDICATED_MULTIPLIER_MIN_OUTPUT_WIDTH_FOR_AUTO ; 0            ; Untyped             ;
; CBXI_PARAMETER                                 ; mult_u9t     ; Untyped             ;
; INPUT_A_FIXED_VALUE                            ; Bx           ; Untyped             ;
; INPUT_B_FIXED_VALUE                            ; Bx           ; Untyped             ;
; USE_AHDL_IMPLEMENTATION                        ; OFF          ; Untyped             ;
+------------------------------------------------+--------------+---------------------+
Note: In order to hide this table in the UI and the text report file, please set the "Show Parameter Settings in Synthesis Report" option in "Analysis and Synthesis Settings -> More Settings" to "Off".


+-------------------------------------------------------------------------------------+
; Parameter Settings for Inferred Entity Instance: lpm_mult:Mult2                     ;
+------------------------------------------------+--------------+---------------------+
; Parameter Name                                 ; Value        ; Type                ;
+------------------------------------------------+--------------+---------------------+
; AUTO_CARRY_CHAINS                              ; ON           ; AUTO_CARRY          ;
; IGNORE_CARRY_BUFFERS                           ; OFF          ; IGNORE_CARRY        ;
; AUTO_CASCADE_CHAINS                            ; ON           ; AUTO_CASCADE        ;
; IGNORE_CASCADE_BUFFERS                         ; OFF          ; IGNORE_CASCADE      ;
; LPM_WIDTHA                                     ; 5            ; Untyped             ;
; LPM_WIDTHB                                     ; 5            ; Untyped             ;
; LPM_WIDTHP                                     ; 10           ; Untyped             ;
; LPM_WIDTHR                                     ; 10           ; Untyped             ;
; LPM_WIDTHS                                     ; 1            ; Untyped             ;
; LPM_REPRESENTATION                             ; UNSIGNED     ; Untyped             ;
; LPM_PIPELINE                                   ; 0            ; Untyped             ;
; LATENCY                                        ; 0            ; Untyped             ;
; INPUT_A_IS_CONSTANT                            ; NO           ; Untyped             ;
; INPUT_B_IS_CONSTANT                            ; NO           ; Untyped             ;
; USE_EAB                                        ; OFF          ; Untyped             ;
; MAXIMIZE_SPEED                                 ; 5            ; Untyped             ;
; DEVICE_FAMILY                                  ; Cyclone IV E ; Untyped             ;
; CARRY_CHAIN                                    ; MANUAL       ; Untyped             ;
; APEX20K_TECHNOLOGY_MAPPER                      ; LUT          ; TECH_MAPPER_APEX20K ;
; DEDICATED_MULTIPLIER_CIRCUITRY                 ; AUTO         ; Untyped             ;
; DEDICATED_MULTIPLIER_MIN_INPUT_WIDTH_FOR_AUTO  ; 0            ; Untyped             ;
; DEDICATED_MULTIPLIER_MIN_OUTPUT_WIDTH_FOR_AUTO ; 0            ; Untyped             ;
; CBXI_PARAMETER                                 ; mult_u9t     ; Untyped             ;
; INPUT_A_FIXED_VALUE                            ; Bx           ; Untyped             ;
; INPUT_B_FIXED_VALUE                            ; Bx           ; Untyped             ;
; USE_AHDL_IMPLEMENTATION                        ; OFF          ; Untyped             ;
+------------------------------------------------+--------------+---------------------+
Note: In order to hide this table in the UI and the text report file, please set the "Show Parameter Settings in Synthesis Report" option in "Analysis and Synthesis Settings -> More Settings" to "Off".


+-------------------------------------------------------------------------------------+
; Parameter Settings for Inferred Entity Instance: lpm_mult:Mult3                     ;
+------------------------------------------------+--------------+---------------------+
; Parameter Name                                 ; Value        ; Type                ;
+------------------------------------------------+--------------+---------------------+
; AUTO_CARRY_CHAINS                              ; ON           ; AUTO_CARRY          ;
; IGNORE_CARRY_BUFFERS                           ; OFF          ; IGNORE_CARRY        ;
; AUTO_CASCADE_CHAINS                            ; ON           ; AUTO_CASCADE        ;
; IGNORE_CASCADE_BUFFERS                         ; OFF          ; IGNORE_CASCADE      ;
; LPM_WIDTHA                                     ; 5            ; Untyped             ;
; LPM_WIDTHB                                     ; 5            ; Untyped             ;
; LPM_WIDTHP                                     ; 10           ; Untyped             ;
; LPM_WIDTHR                                     ; 10           ; Untyped             ;
; LPM_WIDTHS                                     ; 1            ; Untyped             ;
; LPM_REPRESENTATION                             ; UNSIGNED     ; Untyped             ;
; LPM_PIPELINE                                   ; 0            ; Untyped             ;
; LATENCY                                        ; 0            ; Untyped             ;
; INPUT_A_IS_CONSTANT                            ; NO           ; Untyped             ;
; INPUT_B_IS_CONSTANT                            ; NO           ; Untyped             ;
; USE_EAB                                        ; OFF          ; Untyped             ;
; MAXIMIZE_SPEED                                 ; 5            ; Untyped             ;
; DEVICE_FAMILY                                  ; Cyclone IV E ; Untyped             ;
; CARRY_CHAIN                                    ; MANUAL       ; Untyped             ;
; APEX20K_TECHNOLOGY_MAPPER                      ; LUT          ; TECH_MAPPER_APEX20K ;
; DEDICATED_MULTIPLIER_CIRCUITRY                 ; AUTO         ; Untyped             ;
; DEDICATED_MULTIPLIER_MIN_INPUT_WIDTH_FOR_AUTO  ; 0            ; Untyped             ;
; DEDICATED_MULTIPLIER_MIN_OUTPUT_WIDTH_FOR_AUTO ; 0            ; Untyped             ;
; CBXI_PARAMETER                                 ; mult_u9t     ; Untyped             ;
; INPUT_A_FIXED_VALUE                            ; Bx           ; Untyped             ;
; INPUT_B_FIXED_VALUE                            ; Bx           ; Untyped             ;
; USE_AHDL_IMPLEMENTATION                        ; OFF          ; Untyped             ;
+------------------------------------------------+--------------+---------------------+
Note: In order to hide this table in the UI and the text report file, please set the "Show Parameter Settings in Synthesis Report" option in "Analysis and Synthesis Settings -> More Settings" to "Off".


+-------------------------------------------------------------------------------------+
; Parameter Settings for Inferred Entity Instance: lpm_mult:Mult0                     ;
+------------------------------------------------+--------------+---------------------+
; Parameter Name                                 ; Value        ; Type                ;
+------------------------------------------------+--------------+---------------------+
; AUTO_CARRY_CHAINS                              ; ON           ; AUTO_CARRY          ;
; IGNORE_CARRY_BUFFERS                           ; OFF          ; IGNORE_CARRY        ;
; AUTO_CASCADE_CHAINS                            ; ON           ; AUTO_CASCADE        ;
; IGNORE_CASCADE_BUFFERS                         ; OFF          ; IGNORE_CASCADE      ;
; LPM_WIDTHA                                     ; 5            ; Untyped             ;
; LPM_WIDTHB                                     ; 5            ; Untyped             ;
; LPM_WIDTHP                                     ; 10           ; Untyped             ;
; LPM_WIDTHR                                     ; 10           ; Untyped             ;
; LPM_WIDTHS                                     ; 1            ; Untyped             ;
; LPM_REPRESENTATION                             ; UNSIGNED     ; Untyped             ;
; LPM_PIPELINE                                   ; 0            ; Untyped             ;
; LATENCY                                        ; 0            ; Untyped             ;
; INPUT_A_IS_CONSTANT                            ; NO           ; Untyped             ;
; INPUT_B_IS_CONSTANT                            ; NO           ; Untyped             ;
; USE_EAB                                        ; OFF          ; Untyped             ;
; MAXIMIZE_SPEED                                 ; 5            ; Untyped             ;
; DEVICE_FAMILY                                  ; Cyclone IV E ; Untyped             ;
; CARRY_CHAIN                                    ; MANUAL       ; Untyped             ;
; APEX20K_TECHNOLOGY_MAPPER                      ; LUT          ; TECH_MAPPER_APEX20K ;
; DEDICATED_MULTIPLIER_CIRCUITRY                 ; AUTO         ; Untyped             ;
; DEDICATED_MULTIPLIER_MIN_INPUT_WIDTH_FOR_AUTO  ; 0            ; Untyped             ;
; DEDICATED_MULTIPLIER_MIN_OUTPUT_WIDTH_FOR_AUTO ; 0            ; Untyped             ;
; CBXI_PARAMETER                                 ; mult_u9t     ; Untyped             ;
; INPUT_A_FIXED_VALUE                            ; Bx           ; Untyped             ;
; INPUT_B_FIXED_VALUE                            ; Bx           ; Untyped             ;
; USE_AHDL_IMPLEMENTATION                        ; OFF          ; Untyped             ;
+------------------------------------------------+--------------+---------------------+
Note: In order to hide this table in the UI and the text report file, please set the "Show Parameter Settings in Synthesis Report" option in "Analysis and Synthesis Settings -> More Settings" to "Off".


+--------------------------------------------------------+
; lpm_mult Parameter Settings by Entity Instance         ;
+---------------------------------------+----------------+
; Name                                  ; Value          ;
+---------------------------------------+----------------+
; Number of entity instances            ; 4              ;
; Entity Instance                       ; lpm_mult:Mult1 ;
;     -- LPM_WIDTHA                     ; 5              ;
;     -- LPM_WIDTHB                     ; 5              ;
;     -- LPM_WIDTHP                     ; 10             ;
;     -- LPM_REPRESENTATION             ; UNSIGNED       ;
;     -- INPUT_A_IS_CONSTANT            ; NO             ;
;     -- INPUT_B_IS_CONSTANT            ; NO             ;
;     -- USE_EAB                        ; OFF            ;
;     -- DEDICATED_MULTIPLIER_CIRCUITRY ; AUTO           ;
;     -- INPUT_A_FIXED_VALUE            ; Bx             ;
;     -- INPUT_B_FIXED_VALUE            ; Bx             ;
; Entity Instance                       ; lpm_mult:Mult2 ;
;     -- LPM_WIDTHA                     ; 5              ;
;     -- LPM_WIDTHB                     ; 5              ;
;     -- LPM_WIDTHP                     ; 10             ;
;     -- LPM_REPRESENTATION             ; UNSIGNED       ;
;     -- INPUT_A_IS_CONSTANT            ; NO             ;
;     -- INPUT_B_IS_CONSTANT            ; NO             ;
;     -- USE_EAB                        ; OFF            ;
;     -- DEDICATED_MULTIPLIER_CIRCUITRY ; AUTO           ;
;     -- INPUT_A_FIXED_VALUE            ; Bx             ;
;     -- INPUT_B_FIXED_VALUE            ; Bx             ;
; Entity Instance                       ; lpm_mult:Mult3 ;
;     -- LPM_WIDTHA                     ; 5              ;
;     -- LPM_WIDTHB                     ; 5              ;
;     -- LPM_WIDTHP                     ; 10             ;
;     -- LPM_REPRESENTATION             ; UNSIGNED       ;
;     -- INPUT_A_IS_CONSTANT            ; NO             ;
;     -- INPUT_B_IS_CONSTANT            ; NO             ;
;     -- USE_EAB                        ; OFF            ;
;     -- DEDICATED_MULTIPLIER_CIRCUITRY ; AUTO           ;
;     -- INPUT_A_FIXED_VALUE            ; Bx             ;
;     -- INPUT_B_FIXED_VALUE            ; Bx             ;
; Entity Instance                       ; lpm_mult:Mult0 ;
;     -- LPM_WIDTHA                     ; 5              ;
;     -- LPM_WIDTHB                     ; 5              ;
;     -- LPM_WIDTHP                     ; 10             ;
;     -- LPM_REPRESENTATION             ; UNSIGNED       ;
;     -- INPUT_A_IS_CONSTANT            ; NO             ;
;     -- INPUT_B_IS_CONSTANT            ; NO             ;
;     -- USE_EAB                        ; OFF            ;
;     -- DEDICATED_MULTIPLIER_CIRCUITRY ; AUTO           ;
;     -- INPUT_A_FIXED_VALUE            ; Bx             ;
;     -- INPUT_B_FIXED_VALUE            ; Bx             ;
+---------------------------------------+----------------+


+-----------------------------------------------------+
; Post-Synthesis Netlist Statistics for Top Partition ;
+-----------------------+-----------------------------+
; Type                  ; Count                       ;
+-----------------------+-----------------------------+
; boundary_port         ; 46                          ;
; cycloneiii_lcell_comb ; 144                         ;
;     arith             ; 5                           ;
;         3 data inputs ; 5                           ;
;     normal            ; 139                         ;
;         2 data inputs ; 17                          ;
;         3 data inputs ; 51                          ;
;         4 data inputs ; 71                          ;
; cycloneiii_mac_mult   ; 4                           ;
; cycloneiii_mac_out    ; 4                           ;
;                       ;                             ;
; Max LUT depth         ; 9.00                        ;
; Average LUT depth     ; 4.74                        ;
+-----------------------+-----------------------------+


+-------------------------------+
; Elapsed Time Per Partition    ;
+----------------+--------------+
; Partition Name ; Elapsed Time ;
+----------------+--------------+
; Top            ; 00:00:01     ;
+----------------+--------------+


+-------------------------------+
; Analysis & Synthesis Messages ;
+-------------------------------+
Info: *******************************************************************
Info: Running Quartus Prime Analysis & Synthesis
    Info: Version 18.0.0 Build 614 04/24/2018 SJ Standard Edition
    Info: Processing started: Thu May 02 14:03:14 2019
Info: Command: quartus_map --read_settings_files=on --write_settings_files=off RegisterSwitch -c RegisterSwitch
Warning (18236): Number of processors has not been specified which may cause overloading on shared machines.  Set the global assignment NUM_PARALLEL_PROCESSORS in your QSF to an appropriate value for best performance.
Info (20030): Parallel compilation is enabled and will use 4 of the 4 processors detected
Warning (12019): Can't analyze file -- file RegisterSwitch.v is missing
Info (12021): Found 1 design units, including 1 entities, in source file registerswitchoralu.v
    Info (12023): Found entity 1: RegisterSwitchorALU File: U:/281/Digital-Calculator/RegisterSwitch_ALU/RegisterSwitchorALU.v Line: 1
Info (12127): Elaborating entity "RegisterSwitchorALU" for the top level hierarchy
Warning (10230): Verilog HDL assignment warning at RegisterSwitchorALU.v(78): truncated value with size 32 to match size of target (5) File: U:/281/Digital-Calculator/RegisterSwitch_ALU/RegisterSwitchorALU.v Line: 78
Warning (10230): Verilog HDL assignment warning at RegisterSwitchorALU.v(79): truncated value with size 32 to match size of target (5) File: U:/281/Digital-Calculator/RegisterSwitch_ALU/RegisterSwitchorALU.v Line: 79
Warning (10230): Verilog HDL assignment warning at RegisterSwitchorALU.v(80): truncated value with size 32 to match size of target (5) File: U:/281/Digital-Calculator/RegisterSwitch_ALU/RegisterSwitchorALU.v Line: 80
Warning (10230): Verilog HDL assignment warning at RegisterSwitchorALU.v(81): truncated value with size 32 to match size of target (5) File: U:/281/Digital-Calculator/RegisterSwitch_ALU/RegisterSwitchorALU.v Line: 81
Warning (10240): Verilog HDL Always Construct warning at RegisterSwitchorALU.v(15): inferring latch(es) for variable "R0", which holds its previous value in one or more paths through the always construct File: U:/281/Digital-Calculator/RegisterSwitch_ALU/RegisterSwitchorALU.v Line: 15
Warning (10240): Verilog HDL Always Construct warning at RegisterSwitchorALU.v(15): inferring latch(es) for variable "R3", which holds its previous value in one or more paths through the always construct File: U:/281/Digital-Calculator/RegisterSwitch_ALU/RegisterSwitchorALU.v Line: 15
Warning (10240): Verilog HDL Always Construct warning at RegisterSwitchorALU.v(15): inferring latch(es) for variable "R2", which holds its previous value in one or more paths through the always construct File: U:/281/Digital-Calculator/RegisterSwitch_ALU/RegisterSwitchorALU.v Line: 15
Warning (10240): Verilog HDL Always Construct warning at RegisterSwitchorALU.v(15): inferring latch(es) for variable "R1", which holds its previous value in one or more paths through the always construct File: U:/281/Digital-Calculator/RegisterSwitch_ALU/RegisterSwitchorALU.v Line: 15
Info (10041): Inferred latch for "R1[0]" at RegisterSwitchorALU.v(15) File: U:/281/Digital-Calculator/RegisterSwitch_ALU/RegisterSwitchorALU.v Line: 15
Info (10041): Inferred latch for "R1[1]" at RegisterSwitchorALU.v(15) File: U:/281/Digital-Calculator/RegisterSwitch_ALU/RegisterSwitchorALU.v Line: 15
Info (10041): Inferred latch for "R1[2]" at RegisterSwitchorALU.v(15) File: U:/281/Digital-Calculator/RegisterSwitch_ALU/RegisterSwitchorALU.v Line: 15
Info (10041): Inferred latch for "R1[3]" at RegisterSwitchorALU.v(15) File: U:/281/Digital-Calculator/RegisterSwitch_ALU/RegisterSwitchorALU.v Line: 15
Info (10041): Inferred latch for "R1[4]" at RegisterSwitchorALU.v(15) File: U:/281/Digital-Calculator/RegisterSwitch_ALU/RegisterSwitchorALU.v Line: 15
Info (10041): Inferred latch for "R2[0]" at RegisterSwitchorALU.v(15) File: U:/281/Digital-Calculator/RegisterSwitch_ALU/RegisterSwitchorALU.v Line: 15
Info (10041): Inferred latch for "R2[1]" at RegisterSwitchorALU.v(15) File: U:/281/Digital-Calculator/RegisterSwitch_ALU/RegisterSwitchorALU.v Line: 15
Info (10041): Inferred latch for "R2[2]" at RegisterSwitchorALU.v(15) File: U:/281/Digital-Calculator/RegisterSwitch_ALU/RegisterSwitchorALU.v Line: 15
Info (10041): Inferred latch for "R2[3]" at RegisterSwitchorALU.v(15) File: U:/281/Digital-Calculator/RegisterSwitch_ALU/RegisterSwitchorALU.v Line: 15
Info (10041): Inferred latch for "R2[4]" at RegisterSwitchorALU.v(15) File: U:/281/Digital-Calculator/RegisterSwitch_ALU/RegisterSwitchorALU.v Line: 15
Info (10041): Inferred latch for "R3[0]" at RegisterSwitchorALU.v(15) File: U:/281/Digital-Calculator/RegisterSwitch_ALU/RegisterSwitchorALU.v Line: 15
Info (10041): Inferred latch for "R3[1]" at RegisterSwitchorALU.v(15) File: U:/281/Digital-Calculator/RegisterSwitch_ALU/RegisterSwitchorALU.v Line: 15
Info (10041): Inferred latch for "R3[2]" at RegisterSwitchorALU.v(15) File: U:/281/Digital-Calculator/RegisterSwitch_ALU/RegisterSwitchorALU.v Line: 15
Info (10041): Inferred latch for "R3[3]" at RegisterSwitchorALU.v(15) File: U:/281/Digital-Calculator/RegisterSwitch_ALU/RegisterSwitchorALU.v Line: 15
Info (10041): Inferred latch for "R3[4]" at RegisterSwitchorALU.v(15) File: U:/281/Digital-Calculator/RegisterSwitch_ALU/RegisterSwitchorALU.v Line: 15
Info (10041): Inferred latch for "R0[0]" at RegisterSwitchorALU.v(15) File: U:/281/Digital-Calculator/RegisterSwitch_ALU/RegisterSwitchorALU.v Line: 15
Info (10041): Inferred latch for "R0[1]" at RegisterSwitchorALU.v(15) File: U:/281/Digital-Calculator/RegisterSwitch_ALU/RegisterSwitchorALU.v Line: 15
Info (10041): Inferred latch for "R0[2]" at RegisterSwitchorALU.v(15) File: U:/281/Digital-Calculator/RegisterSwitch_ALU/RegisterSwitchorALU.v Line: 15
Info (10041): Inferred latch for "R0[3]" at RegisterSwitchorALU.v(15) File: U:/281/Digital-Calculator/RegisterSwitch_ALU/RegisterSwitchorALU.v Line: 15
Info (10041): Inferred latch for "R0[4]" at RegisterSwitchorALU.v(15) File: U:/281/Digital-Calculator/RegisterSwitch_ALU/RegisterSwitchorALU.v Line: 15
Info (278001): Inferred 4 megafunctions from design logic
    Info (278003): Inferred multiplier megafunction ("lpm_mult") from the following logic: "Mult1" File: U:/281/Digital-Calculator/RegisterSwitch_ALU/RegisterSwitchorALU.v Line: 69
    Info (278003): Inferred multiplier megafunction ("lpm_mult") from the following logic: "Mult2" File: U:/281/Digital-Calculator/RegisterSwitch_ALU/RegisterSwitchorALU.v Line: 70
    Info (278003): Inferred multiplier megafunction ("lpm_mult") from the following logic: "Mult3" File: U:/281/Digital-Calculator/RegisterSwitch_ALU/RegisterSwitchorALU.v Line: 71
    Info (278003): Inferred multiplier megafunction ("lpm_mult") from the following logic: "Mult0" File: U:/281/Digital-Calculator/RegisterSwitch_ALU/RegisterSwitchorALU.v Line: 68
Info (12130): Elaborated megafunction instantiation "lpm_mult:Mult1" File: U:/281/Digital-Calculator/RegisterSwitch_ALU/RegisterSwitchorALU.v Line: 69
Info (12133): Instantiated megafunction "lpm_mult:Mult1" with the following parameter: File: U:/281/Digital-Calculator/RegisterSwitch_ALU/RegisterSwitchorALU.v Line: 69
    Info (12134): Parameter "LPM_WIDTHA" = "5"
    Info (12134): Parameter "LPM_WIDTHB" = "5"
    Info (12134): Parameter "LPM_WIDTHP" = "10"
    Info (12134): Parameter "LPM_WIDTHR" = "10"
    Info (12134): Parameter "LPM_WIDTHS" = "1"
    Info (12134): Parameter "LPM_REPRESENTATION" = "UNSIGNED"
    Info (12134): Parameter "INPUT_A_IS_CONSTANT" = "NO"
    Info (12134): Parameter "INPUT_B_IS_CONSTANT" = "NO"
    Info (12134): Parameter "MAXIMIZE_SPEED" = "5"
Info (12021): Found 1 design units, including 1 entities, in source file db/mult_u9t.tdf
    Info (12023): Found entity 1: mult_u9t File: U:/281/Digital-Calculator/RegisterSwitch_ALU/db/mult_u9t.tdf Line: 28
Info (12130): Elaborated megafunction instantiation "lpm_mult:Mult0" File: U:/281/Digital-Calculator/RegisterSwitch_ALU/RegisterSwitchorALU.v Line: 68
Info (12133): Instantiated megafunction "lpm_mult:Mult0" with the following parameter: File: U:/281/Digital-Calculator/RegisterSwitch_ALU/RegisterSwitchorALU.v Line: 68
    Info (12134): Parameter "LPM_WIDTHA" = "5"
    Info (12134): Parameter "LPM_WIDTHB" = "5"
    Info (12134): Parameter "LPM_WIDTHP" = "10"
    Info (12134): Parameter "LPM_WIDTHR" = "10"
    Info (12134): Parameter "LPM_WIDTHS" = "1"
    Info (12134): Parameter "LPM_REPRESENTATION" = "UNSIGNED"
    Info (12134): Parameter "INPUT_A_IS_CONSTANT" = "NO"
    Info (12134): Parameter "INPUT_B_IS_CONSTANT" = "NO"
    Info (12134): Parameter "MAXIMIZE_SPEED" = "5"
Warning (13012): Latch R0[0]$latch has unsafe behavior File: U:/281/Digital-Calculator/RegisterSwitch_ALU/RegisterSwitchorALU.v Line: 15
    Warning (13013): Ports D and ENA on the latch are fed by the same signal OP[2] File: U:/281/Digital-Calculator/RegisterSwitch_ALU/RegisterSwitchorALU.v Line: 5
Warning (13012): Latch R0[1]$latch has unsafe behavior File: U:/281/Digital-Calculator/RegisterSwitch_ALU/RegisterSwitchorALU.v Line: 15
    Warning (13013): Ports D and ENA on the latch are fed by the same signal OP[2] File: U:/281/Digital-Calculator/RegisterSwitch_ALU/RegisterSwitchorALU.v Line: 5
Warning (13012): Latch R0[2]$latch has unsafe behavior File: U:/281/Digital-Calculator/RegisterSwitch_ALU/RegisterSwitchorALU.v Line: 15
    Warning (13013): Ports D and ENA on the latch are fed by the same signal OP[2] File: U:/281/Digital-Calculator/RegisterSwitch_ALU/RegisterSwitchorALU.v Line: 5
Warning (13012): Latch R0[3]$latch has unsafe behavior File: U:/281/Digital-Calculator/RegisterSwitch_ALU/RegisterSwitchorALU.v Line: 15
    Warning (13013): Ports D and ENA on the latch are fed by the same signal OP[2] File: U:/281/Digital-Calculator/RegisterSwitch_ALU/RegisterSwitchorALU.v Line: 5
Warning (13012): Latch R0[4]$latch has unsafe behavior File: U:/281/Digital-Calculator/RegisterSwitch_ALU/RegisterSwitchorALU.v Line: 15
    Warning (13013): Ports D and ENA on the latch are fed by the same signal OP[2] File: U:/281/Digital-Calculator/RegisterSwitch_ALU/RegisterSwitchorALU.v Line: 5
Warning (13012): Latch R1[0]$latch has unsafe behavior File: U:/281/Digital-Calculator/RegisterSwitch_ALU/RegisterSwitchorALU.v Line: 15
    Warning (13013): Ports D and ENA on the latch are fed by the same signal OP[1] File: U:/281/Digital-Calculator/RegisterSwitch_ALU/RegisterSwitchorALU.v Line: 5
Warning (13012): Latch R1[1]$latch has unsafe behavior File: U:/281/Digital-Calculator/RegisterSwitch_ALU/RegisterSwitchorALU.v Line: 15
    Warning (13013): Ports D and ENA on the latch are fed by the same signal OP[1] File: U:/281/Digital-Calculator/RegisterSwitch_ALU/RegisterSwitchorALU.v Line: 5
Warning (13012): Latch R1[2]$latch has unsafe behavior File: U:/281/Digital-Calculator/RegisterSwitch_ALU/RegisterSwitchorALU.v Line: 15
    Warning (13013): Ports D and ENA on the latch are fed by the same signal OP[1] File: U:/281/Digital-Calculator/RegisterSwitch_ALU/RegisterSwitchorALU.v Line: 5
Warning (13012): Latch R1[3]$latch has unsafe behavior File: U:/281/Digital-Calculator/RegisterSwitch_ALU/RegisterSwitchorALU.v Line: 15
    Warning (13013): Ports D and ENA on the latch are fed by the same signal OP[1] File: U:/281/Digital-Calculator/RegisterSwitch_ALU/RegisterSwitchorALU.v Line: 5
Warning (13012): Latch R1[4]$latch has unsafe behavior File: U:/281/Digital-Calculator/RegisterSwitch_ALU/RegisterSwitchorALU.v Line: 15
    Warning (13013): Ports D and ENA on the latch are fed by the same signal OP[1] File: U:/281/Digital-Calculator/RegisterSwitch_ALU/RegisterSwitchorALU.v Line: 5
Warning (13012): Latch R2[0]$latch has unsafe behavior File: U:/281/Digital-Calculator/RegisterSwitch_ALU/RegisterSwitchorALU.v Line: 15
    Warning (13013): Ports D and ENA on the latch are fed by the same signal OP[1] File: U:/281/Digital-Calculator/RegisterSwitch_ALU/RegisterSwitchorALU.v Line: 5
Warning (13012): Latch R2[1]$latch has unsafe behavior File: U:/281/Digital-Calculator/RegisterSwitch_ALU/RegisterSwitchorALU.v Line: 15
    Warning (13013): Ports D and ENA on the latch are fed by the same signal OP[1] File: U:/281/Digital-Calculator/RegisterSwitch_ALU/RegisterSwitchorALU.v Line: 5
Warning (13012): Latch R2[2]$latch has unsafe behavior File: U:/281/Digital-Calculator/RegisterSwitch_ALU/RegisterSwitchorALU.v Line: 15
    Warning (13013): Ports D and ENA on the latch are fed by the same signal OP[1] File: U:/281/Digital-Calculator/RegisterSwitch_ALU/RegisterSwitchorALU.v Line: 5
Warning (13012): Latch R2[3]$latch has unsafe behavior File: U:/281/Digital-Calculator/RegisterSwitch_ALU/RegisterSwitchorALU.v Line: 15
    Warning (13013): Ports D and ENA on the latch are fed by the same signal OP[1] File: U:/281/Digital-Calculator/RegisterSwitch_ALU/RegisterSwitchorALU.v Line: 5
Warning (13012): Latch R2[4]$latch has unsafe behavior File: U:/281/Digital-Calculator/RegisterSwitch_ALU/RegisterSwitchorALU.v Line: 15
    Warning (13013): Ports D and ENA on the latch are fed by the same signal OP[1] File: U:/281/Digital-Calculator/RegisterSwitch_ALU/RegisterSwitchorALU.v Line: 5
Warning (13012): Latch R3[0]$latch has unsafe behavior File: U:/281/Digital-Calculator/RegisterSwitch_ALU/RegisterSwitchorALU.v Line: 15
    Warning (13013): Ports D and ENA on the latch are fed by the same signal OP[1] File: U:/281/Digital-Calculator/RegisterSwitch_ALU/RegisterSwitchorALU.v Line: 5
Warning (13012): Latch R3[1]$latch has unsafe behavior File: U:/281/Digital-Calculator/RegisterSwitch_ALU/RegisterSwitchorALU.v Line: 15
    Warning (13013): Ports D and ENA on the latch are fed by the same signal OP[1] File: U:/281/Digital-Calculator/RegisterSwitch_ALU/RegisterSwitchorALU.v Line: 5
Warning (13012): Latch R3[2]$latch has unsafe behavior File: U:/281/Digital-Calculator/RegisterSwitch_ALU/RegisterSwitchorALU.v Line: 15
    Warning (13013): Ports D and ENA on the latch are fed by the same signal OP[1] File: U:/281/Digital-Calculator/RegisterSwitch_ALU/RegisterSwitchorALU.v Line: 5
Warning (13012): Latch R3[3]$latch has unsafe behavior File: U:/281/Digital-Calculator/RegisterSwitch_ALU/RegisterSwitchorALU.v Line: 15
    Warning (13013): Ports D and ENA on the latch are fed by the same signal OP[1] File: U:/281/Digital-Calculator/RegisterSwitch_ALU/RegisterSwitchorALU.v Line: 5
Warning (13012): Latch R3[4]$latch has unsafe behavior File: U:/281/Digital-Calculator/RegisterSwitch_ALU/RegisterSwitchorALU.v Line: 15
    Warning (13013): Ports D and ENA on the latch are fed by the same signal OP[1] File: U:/281/Digital-Calculator/RegisterSwitch_ALU/RegisterSwitchorALU.v Line: 5
Info (286030): Timing-Driven Synthesis is running
Info (16010): Generating hard_block partition "hard_block:auto_generated_inst"
    Info (16011): Adding 0 node(s), including 0 DDIO, 0 PLL, 0 transceiver and 0 LCELL
Info (21057): Implemented 194 device resources after synthesis - the final resource count might be different
    Info (21058): Implemented 26 input pins
    Info (21059): Implemented 20 output pins
    Info (21061): Implemented 144 logic cells
    Info (21062): Implemented 4 DSP elements
Info: Quartus Prime Analysis & Synthesis was successful. 0 errors, 50 warnings
    Info: Peak virtual memory: 681 megabytes
    Info: Processing ended: Thu May 02 14:03:25 2019
    Info: Elapsed time: 00:00:11
    Info: Total CPU time (on all processors): 00:00:21


