Analysis & Synthesis report for CalcBlock
Fri May 03 00:52:59 2019
Quartus Prime Version 18.0.0 Build 614 04/24/2018 SJ Standard Edition


---------------------
; Table of Contents ;
---------------------
  1. Legal Notice
  2. Analysis & Synthesis Summary
  3. Analysis & Synthesis Settings
  4. Parallel Compilation
  5. Analysis & Synthesis Source Files Read
  6. Analysis & Synthesis Resource Usage Summary
  7. Analysis & Synthesis Resource Utilization by Entity
  8. Analysis & Synthesis DSP Block Usage Summary
  9. General Register Statistics
 10. Multiplexer Restructuring Statistics (Restructuring Performed)
 11. Parameter Settings for Inferred Entity Instance: RegisterSwitchorALU:inst1|lpm_mult:Mult2
 12. Parameter Settings for Inferred Entity Instance: RegisterSwitchorALU:inst1|lpm_mult:Mult1
 13. Parameter Settings for Inferred Entity Instance: RegisterSwitchorALU:inst1|lpm_mult:Mult0
 14. Parameter Settings for Inferred Entity Instance: RegisterSwitchorALU:inst1|lpm_mult:Mult3
 15. lpm_mult Parameter Settings by Entity Instance
 16. Post-Synthesis Netlist Statistics for Top Partition
 17. Elapsed Time Per Partition
 18. Analysis & Synthesis Messages



----------------
; Legal Notice ;
----------------
Copyright (C) 2018  Intel Corporation. All rights reserved.
Your use of Intel Corporation's design tools, logic functions 
and other software and tools, and its AMPP partner logic 
functions, and any output files from any of the foregoing 
(including device programming or simulation files), and any 
associated documentation or information are expressly subject 
to the terms and conditions of the Intel Program License 
Subscription Agreement, the Intel Quartus Prime License Agreement,
the Intel FPGA IP License Agreement, or other applicable license
agreement, including, without limitation, that your use is for
the sole purpose of programming logic devices manufactured by
Intel and sold by Intel or its authorized distributors.  Please
refer to the applicable agreement for further details.



+--------------------------------------------------------------------------------------+
; Analysis & Synthesis Summary                                                         ;
+------------------------------------+-------------------------------------------------+
; Analysis & Synthesis Status        ; Successful - Fri May 03 00:52:58 2019           ;
; Quartus Prime Version              ; 18.0.0 Build 614 04/24/2018 SJ Standard Edition ;
; Revision Name                      ; CalcBlock                                       ;
; Top-level Entity Name              ; CalcBlock                                       ;
; Family                             ; Cyclone IV E                                    ;
; Total logic elements               ; 139                                             ;
;     Total combinational functions  ; 126                                             ;
;     Dedicated logic registers      ; 25                                              ;
; Total registers                    ; 25                                              ;
; Total pins                         ; 28                                              ;
; Total virtual pins                 ; 0                                               ;
; Total memory bits                  ; 0                                               ;
; Embedded Multiplier 9-bit elements ; 4                                               ;
; Total PLLs                         ; 0                                               ;
+------------------------------------+-------------------------------------------------+


+------------------------------------------------------------------------------------------------------------+
; Analysis & Synthesis Settings                                                                              ;
+------------------------------------------------------------------+--------------------+--------------------+
; Option                                                           ; Setting            ; Default Value      ;
+------------------------------------------------------------------+--------------------+--------------------+
; Device                                                           ; EP4CE115F29C7      ;                    ;
; Top-level entity name                                            ; CalcBlock          ; CalcBlock          ;
; Family name                                                      ; Cyclone IV E       ; Cyclone V          ;
; Use smart compilation                                            ; Off                ; Off                ;
; Enable parallel Assembler and Timing Analyzer during compilation ; On                 ; On                 ;
; Enable compact report table                                      ; Off                ; Off                ;
; Restructure Multiplexers                                         ; Auto               ; Auto               ;
; Create Debugging Nodes for IP Cores                              ; Off                ; Off                ;
; Preserve fewer node names                                        ; On                 ; On                 ;
; Intel FPGA IP Evaluation Mode                                    ; Enable             ; Enable             ;
; Verilog Version                                                  ; Verilog_2001       ; Verilog_2001       ;
; VHDL Version                                                     ; VHDL_1993          ; VHDL_1993          ;
; State Machine Processing                                         ; Auto               ; Auto               ;
; Safe State Machine                                               ; Off                ; Off                ;
; Extract Verilog State Machines                                   ; On                 ; On                 ;
; Extract VHDL State Machines                                      ; On                 ; On                 ;
; Ignore Verilog initial constructs                                ; Off                ; Off                ;
; Iteration limit for constant Verilog loops                       ; 5000               ; 5000               ;
; Iteration limit for non-constant Verilog loops                   ; 250                ; 250                ;
; Add Pass-Through Logic to Inferred RAMs                          ; On                 ; On                 ;
; Infer RAMs from Raw Logic                                        ; On                 ; On                 ;
; Parallel Synthesis                                               ; On                 ; On                 ;
; DSP Block Balancing                                              ; Auto               ; Auto               ;
; NOT Gate Push-Back                                               ; On                 ; On                 ;
; Power-Up Don't Care                                              ; On                 ; On                 ;
; Remove Redundant Logic Cells                                     ; Off                ; Off                ;
; Remove Duplicate Registers                                       ; On                 ; On                 ;
; Ignore CARRY Buffers                                             ; Off                ; Off                ;
; Ignore CASCADE Buffers                                           ; Off                ; Off                ;
; Ignore GLOBAL Buffers                                            ; Off                ; Off                ;
; Ignore ROW GLOBAL Buffers                                        ; Off                ; Off                ;
; Ignore LCELL Buffers                                             ; Off                ; Off                ;
; Ignore SOFT Buffers                                              ; On                 ; On                 ;
; Limit AHDL Integers to 32 Bits                                   ; Off                ; Off                ;
; Optimization Technique                                           ; Balanced           ; Balanced           ;
; Carry Chain Length                                               ; 70                 ; 70                 ;
; Auto Carry Chains                                                ; On                 ; On                 ;
; Auto Open-Drain Pins                                             ; On                 ; On                 ;
; Perform WYSIWYG Primitive Resynthesis                            ; Off                ; Off                ;
; Auto ROM Replacement                                             ; On                 ; On                 ;
; Auto RAM Replacement                                             ; On                 ; On                 ;
; Auto DSP Block Replacement                                       ; On                 ; On                 ;
; Auto Shift Register Replacement                                  ; Auto               ; Auto               ;
; Allow Shift Register Merging across Hierarchies                  ; Auto               ; Auto               ;
; Auto Clock Enable Replacement                                    ; On                 ; On                 ;
; Strict RAM Replacement                                           ; Off                ; Off                ;
; Allow Synchronous Control Signals                                ; On                 ; On                 ;
; Force Use of Synchronous Clear Signals                           ; Off                ; Off                ;
; Auto RAM Block Balancing                                         ; On                 ; On                 ;
; Auto RAM to Logic Cell Conversion                                ; Off                ; Off                ;
; Auto Resource Sharing                                            ; Off                ; Off                ;
; Allow Any RAM Size For Recognition                               ; Off                ; Off                ;
; Allow Any ROM Size For Recognition                               ; Off                ; Off                ;
; Allow Any Shift Register Size For Recognition                    ; Off                ; Off                ;
; Use LogicLock Constraints during Resource Balancing              ; On                 ; On                 ;
; Ignore translate_off and synthesis_off directives                ; Off                ; Off                ;
; Timing-Driven Synthesis                                          ; On                 ; On                 ;
; Report Parameter Settings                                        ; On                 ; On                 ;
; Report Source Assignments                                        ; On                 ; On                 ;
; Report Connectivity Checks                                       ; On                 ; On                 ;
; Ignore Maximum Fan-Out Assignments                               ; Off                ; Off                ;
; Synchronization Register Chain Length                            ; 2                  ; 2                  ;
; Power Optimization During Synthesis                              ; Normal compilation ; Normal compilation ;
; HDL message level                                                ; Level2             ; Level2             ;
; Suppress Register Optimization Related Messages                  ; Off                ; Off                ;
; Number of Removed Registers Reported in Synthesis Report         ; 5000               ; 5000               ;
; Number of Swept Nodes Reported in Synthesis Report               ; 5000               ; 5000               ;
; Number of Inverted Registers Reported in Synthesis Report        ; 100                ; 100                ;
; Clock MUX Protection                                             ; On                 ; On                 ;
; Auto Gated Clock Conversion                                      ; Off                ; Off                ;
; Block Design Naming                                              ; Auto               ; Auto               ;
; SDC constraint protection                                        ; Off                ; Off                ;
; Synthesis Effort                                                 ; Auto               ; Auto               ;
; Shift Register Replacement - Allow Asynchronous Clear Signal     ; On                 ; On                 ;
; Pre-Mapping Resynthesis Optimization                             ; Off                ; Off                ;
; Analysis & Synthesis Message Level                               ; Medium             ; Medium             ;
; Disable Register Merging Across Hierarchies                      ; Auto               ; Auto               ;
; Resource Aware Inference For Block RAM                           ; On                 ; On                 ;
+------------------------------------------------------------------+--------------------+--------------------+


+------------------------------------------+
; Parallel Compilation                     ;
+----------------------------+-------------+
; Processors                 ; Number      ;
+----------------------------+-------------+
; Number detected on machine ; 8           ;
; Maximum allowed            ; 4           ;
;                            ;             ;
; Average used               ; 1.00        ;
; Maximum used               ; 4           ;
;                            ;             ;
; Usage by Processor         ; % Time Used ;
;     Processor 1            ; 100.0%      ;
;     Processors 2-4         ;   0.0%      ;
+----------------------------+-------------+


+------------------------------------------------------------------------------------------------------------------------------------------------------------------------------------+
; Analysis & Synthesis Source Files Read                                                                                                                                             ;
+----------------------------------+-----------------+------------------------------------------+--------------------------------------------------------------------------+---------+
; File Name with User-Entered Path ; Used in Netlist ; File Type                                ; File Name with Absolute Path                                             ; Library ;
+----------------------------------+-----------------+------------------------------------------+--------------------------------------------------------------------------+---------+
; CalcBlock.bdf                    ; yes             ; User Block Diagram/Schematic File        ; U:/281/Digital-Calculator/CalcBlock/CalcBlock.bdf                        ;         ;
; registerfile.bdf                 ; yes             ; Auto-Found Block Diagram/Schematic File  ; U:/281/Digital-Calculator/CalcBlock/registerfile.bdf                     ;         ;
; 5bitregister.bdf                 ; yes             ; Auto-Found Block Diagram/Schematic File  ; U:/281/Digital-Calculator/CalcBlock/5bitregister.bdf                     ;         ;
; registerswitchoralu.v            ; yes             ; Auto-Found Verilog HDL File              ; U:/281/Digital-Calculator/CalcBlock/registerswitchoralu.v                ;         ;
; lpm_mult.tdf                     ; yes             ; Megafunction                             ; c:/altera/intelfpga/18.0/quartus/libraries/megafunctions/lpm_mult.tdf    ;         ;
; aglobal180.inc                   ; yes             ; Megafunction                             ; c:/altera/intelfpga/18.0/quartus/libraries/megafunctions/aglobal180.inc  ;         ;
; lpm_add_sub.inc                  ; yes             ; Megafunction                             ; c:/altera/intelfpga/18.0/quartus/libraries/megafunctions/lpm_add_sub.inc ;         ;
; multcore.inc                     ; yes             ; Megafunction                             ; c:/altera/intelfpga/18.0/quartus/libraries/megafunctions/multcore.inc    ;         ;
; bypassff.inc                     ; yes             ; Megafunction                             ; c:/altera/intelfpga/18.0/quartus/libraries/megafunctions/bypassff.inc    ;         ;
; altshift.inc                     ; yes             ; Megafunction                             ; c:/altera/intelfpga/18.0/quartus/libraries/megafunctions/altshift.inc    ;         ;
; db/mult_u9t.tdf                  ; yes             ; Auto-Generated Megafunction              ; U:/281/Digital-Calculator/CalcBlock/db/mult_u9t.tdf                      ;         ;
+----------------------------------+-----------------+------------------------------------------+--------------------------------------------------------------------------+---------+


+----------------------------------------------------------+
; Analysis & Synthesis Resource Usage Summary              ;
+---------------------------------------------+------------+
; Resource                                    ; Usage      ;
+---------------------------------------------+------------+
; Estimated Total logic elements              ; 139        ;
;                                             ;            ;
; Total combinational functions               ; 126        ;
; Logic element usage by number of LUT inputs ;            ;
;     -- 4 input functions                    ; 74         ;
;     -- 3 input functions                    ; 46         ;
;     -- <=2 input functions                  ; 6          ;
;                                             ;            ;
; Logic elements by mode                      ;            ;
;     -- normal mode                          ; 121        ;
;     -- arithmetic mode                      ; 5          ;
;                                             ;            ;
; Total registers                             ; 25         ;
;     -- Dedicated logic registers            ; 25         ;
;     -- I/O registers                        ; 0          ;
;                                             ;            ;
; I/O pins                                    ; 28         ;
;                                             ;            ;
; Embedded Multiplier 9-bit elements          ; 4          ;
;                                             ;            ;
; Maximum fan-out node                        ; K[1]~input ;
; Maximum fan-out                             ; 45         ;
; Total fan-out                               ; 610        ;
; Average fan-out                             ; 2.84       ;
+---------------------------------------------+------------+


+----------------------------------------------------------------------------------------------------------------------------------------------------------------------------------------------------------------------------------------------------------------------------------+
; Analysis & Synthesis Resource Utilization by Entity                                                                                                                                                                                                                              ;
+------------------------------------+---------------------+---------------------------+-------------+--------------+---------+-----------+------+--------------+-----------------------------------------------------------------------------+---------------------+--------------+
; Compilation Hierarchy Node         ; Combinational ALUTs ; Dedicated Logic Registers ; Memory Bits ; DSP Elements ; DSP 9x9 ; DSP 18x18 ; Pins ; Virtual Pins ; Full Hierarchy Name                                                         ; Entity Name         ; Library Name ;
+------------------------------------+---------------------+---------------------------+-------------+--------------+---------+-----------+------+--------------+-----------------------------------------------------------------------------+---------------------+--------------+
; |CalcBlock                         ; 126 (0)             ; 25 (0)                    ; 0           ; 4            ; 4       ; 0         ; 28   ; 0            ; |CalcBlock                                                                  ; CalcBlock           ; work         ;
;    |RegisterFile:inst|             ; 1 (1)               ; 5 (0)                     ; 0           ; 0            ; 0       ; 0         ; 0    ; 0            ; |CalcBlock|RegisterFile:inst                                                ; RegisterFile        ; work         ;
;       |5BitRegister:inst|          ; 0 (0)               ; 5 (5)                     ; 0           ; 0            ; 0       ; 0         ; 0    ; 0            ; |CalcBlock|RegisterFile:inst|5BitRegister:inst                              ; 5BitRegister        ; work         ;
;    |RegisterSwitchorALU:inst1|     ; 125 (125)           ; 20 (20)                   ; 0           ; 4            ; 4       ; 0         ; 0    ; 0            ; |CalcBlock|RegisterSwitchorALU:inst1                                        ; RegisterSwitchorALU ; work         ;
;       |lpm_mult:Mult0|             ; 0 (0)               ; 0 (0)                     ; 0           ; 1            ; 1       ; 0         ; 0    ; 0            ; |CalcBlock|RegisterSwitchorALU:inst1|lpm_mult:Mult0                         ; lpm_mult            ; work         ;
;          |mult_u9t:auto_generated| ; 0 (0)               ; 0 (0)                     ; 0           ; 1            ; 1       ; 0         ; 0    ; 0            ; |CalcBlock|RegisterSwitchorALU:inst1|lpm_mult:Mult0|mult_u9t:auto_generated ; mult_u9t            ; work         ;
;       |lpm_mult:Mult1|             ; 0 (0)               ; 0 (0)                     ; 0           ; 1            ; 1       ; 0         ; 0    ; 0            ; |CalcBlock|RegisterSwitchorALU:inst1|lpm_mult:Mult1                         ; lpm_mult            ; work         ;
;          |mult_u9t:auto_generated| ; 0 (0)               ; 0 (0)                     ; 0           ; 1            ; 1       ; 0         ; 0    ; 0            ; |CalcBlock|RegisterSwitchorALU:inst1|lpm_mult:Mult1|mult_u9t:auto_generated ; mult_u9t            ; work         ;
;       |lpm_mult:Mult2|             ; 0 (0)               ; 0 (0)                     ; 0           ; 1            ; 1       ; 0         ; 0    ; 0            ; |CalcBlock|RegisterSwitchorALU:inst1|lpm_mult:Mult2                         ; lpm_mult            ; work         ;
;          |mult_u9t:auto_generated| ; 0 (0)               ; 0 (0)                     ; 0           ; 1            ; 1       ; 0         ; 0    ; 0            ; |CalcBlock|RegisterSwitchorALU:inst1|lpm_mult:Mult2|mult_u9t:auto_generated ; mult_u9t            ; work         ;
;       |lpm_mult:Mult3|             ; 0 (0)               ; 0 (0)                     ; 0           ; 1            ; 1       ; 0         ; 0    ; 0            ; |CalcBlock|RegisterSwitchorALU:inst1|lpm_mult:Mult3                         ; lpm_mult            ; work         ;
;          |mult_u9t:auto_generated| ; 0 (0)               ; 0 (0)                     ; 0           ; 1            ; 1       ; 0         ; 0    ; 0            ; |CalcBlock|RegisterSwitchorALU:inst1|lpm_mult:Mult3|mult_u9t:auto_generated ; mult_u9t            ; work         ;
+------------------------------------+---------------------+---------------------------+-------------+--------------+---------+-----------+------+--------------+-----------------------------------------------------------------------------+---------------------+--------------+
Note: For table entries with two numbers listed, the numbers in parentheses indicate the number of resources of the given type used by the specific entity alone. The numbers listed outside of parentheses indicate the total resources of the given type used by the specific entity and all of its sub-entities in the hierarchy.


+-----------------------------------------------------+
; Analysis & Synthesis DSP Block Usage Summary        ;
+---------------------------------------+-------------+
; Statistic                             ; Number Used ;
+---------------------------------------+-------------+
; Simple Multipliers (9-bit)            ; 4           ;
; Simple Multipliers (18-bit)           ; 0           ;
; Embedded Multiplier Blocks            ; --          ;
; Embedded Multiplier 9-bit elements    ; 4           ;
; Signed Embedded Multipliers           ; 0           ;
; Unsigned Embedded Multipliers         ; 4           ;
; Mixed Sign Embedded Multipliers       ; 0           ;
; Variable Sign Embedded Multipliers    ; 0           ;
; Dedicated Input Shift Register Chains ; 0           ;
+---------------------------------------+-------------+
Note: number of Embedded Multiplier Blocks used is only available after a successful fit.


+------------------------------------------------------+
; General Register Statistics                          ;
+----------------------------------------------+-------+
; Statistic                                    ; Value ;
+----------------------------------------------+-------+
; Total registers                              ; 25    ;
; Number of registers using Synchronous Clear  ; 5     ;
; Number of registers using Synchronous Load   ; 0     ;
; Number of registers using Asynchronous Clear ; 5     ;
; Number of registers using Asynchronous Load  ; 0     ;
; Number of registers using Clock Enable       ; 17    ;
; Number of registers using Preset             ; 0     ;
+----------------------------------------------+-------+


+----------------------------------------------------------------------------------------------------------------------------------------------------------+
; Multiplexer Restructuring Statistics (Restructuring Performed)                                                                                           ;
+--------------------+-----------+---------------+----------------------+------------------------+------------+--------------------------------------------+
; Multiplexer Inputs ; Bus Width ; Baseline Area ; Area if Restructured ; Saving if Restructured ; Registered ; Example Multiplexer Output                 ;
+--------------------+-----------+---------------+----------------------+------------------------+------------+--------------------------------------------+
; 32:1               ; 2 bits    ; 42 LEs        ; 22 LEs               ; 20 LEs                 ; Yes        ; |CalcBlock|RegisterSwitchorALU:inst1|R0[2] ;
; 10:1               ; 5 bits    ; 30 LEs        ; 10 LEs               ; 20 LEs                 ; Yes        ; |CalcBlock|RegisterSwitchorALU:inst1|R3[4] ;
; 10:1               ; 5 bits    ; 30 LEs        ; 10 LEs               ; 20 LEs                 ; Yes        ; |CalcBlock|RegisterSwitchorALU:inst1|R2[4] ;
; 10:1               ; 5 bits    ; 30 LEs        ; 10 LEs               ; 20 LEs                 ; Yes        ; |CalcBlock|RegisterSwitchorALU:inst1|R1[4] ;
; 5:1                ; 5 bits    ; 15 LEs        ; 15 LEs               ; 0 LEs                  ; No         ; |CalcBlock|RegisterSwitchorALU:inst1|Add0  ;
+--------------------+-----------+---------------+----------------------+------------------------+------------+--------------------------------------------+


+-------------------------------------------------------------------------------------------+
; Parameter Settings for Inferred Entity Instance: RegisterSwitchorALU:inst1|lpm_mult:Mult2 ;
+------------------------------------------------+--------------+---------------------------+
; Parameter Name                                 ; Value        ; Type                      ;
+------------------------------------------------+--------------+---------------------------+
; AUTO_CARRY_CHAINS                              ; ON           ; AUTO_CARRY                ;
; IGNORE_CARRY_BUFFERS                           ; OFF          ; IGNORE_CARRY              ;
; AUTO_CASCADE_CHAINS                            ; ON           ; AUTO_CASCADE              ;
; IGNORE_CASCADE_BUFFERS                         ; OFF          ; IGNORE_CASCADE            ;
; LPM_WIDTHA                                     ; 5            ; Untyped                   ;
; LPM_WIDTHB                                     ; 5            ; Untyped                   ;
; LPM_WIDTHP                                     ; 10           ; Untyped                   ;
; LPM_WIDTHR                                     ; 10           ; Untyped                   ;
; LPM_WIDTHS                                     ; 1            ; Untyped                   ;
; LPM_REPRESENTATION                             ; UNSIGNED     ; Untyped                   ;
; LPM_PIPELINE                                   ; 0            ; Untyped                   ;
; LATENCY                                        ; 0            ; Untyped                   ;
; INPUT_A_IS_CONSTANT                            ; NO           ; Untyped                   ;
; INPUT_B_IS_CONSTANT                            ; NO           ; Untyped                   ;
; USE_EAB                                        ; OFF          ; Untyped                   ;
; MAXIMIZE_SPEED                                 ; 5            ; Untyped                   ;
; DEVICE_FAMILY                                  ; Cyclone IV E ; Untyped                   ;
; CARRY_CHAIN                                    ; MANUAL       ; Untyped                   ;
; APEX20K_TECHNOLOGY_MAPPER                      ; LUT          ; TECH_MAPPER_APEX20K       ;
; DEDICATED_MULTIPLIER_CIRCUITRY                 ; AUTO         ; Untyped                   ;
; DEDICATED_MULTIPLIER_MIN_INPUT_WIDTH_FOR_AUTO  ; 0            ; Untyped                   ;
; DEDICATED_MULTIPLIER_MIN_OUTPUT_WIDTH_FOR_AUTO ; 0            ; Untyped                   ;
; CBXI_PARAMETER                                 ; mult_u9t     ; Untyped                   ;
; INPUT_A_FIXED_VALUE                            ; Bx           ; Untyped                   ;
; INPUT_B_FIXED_VALUE                            ; Bx           ; Untyped                   ;
; USE_AHDL_IMPLEMENTATION                        ; OFF          ; Untyped                   ;
+------------------------------------------------+--------------+---------------------------+
Note: In order to hide this table in the UI and the text report file, please set the "Show Parameter Settings in Synthesis Report" option in "Analysis and Synthesis Settings -> More Settings" to "Off".


+-------------------------------------------------------------------------------------------+
; Parameter Settings for Inferred Entity Instance: RegisterSwitchorALU:inst1|lpm_mult:Mult1 ;
+------------------------------------------------+--------------+---------------------------+
; Parameter Name                                 ; Value        ; Type                      ;
+------------------------------------------------+--------------+---------------------------+
; AUTO_CARRY_CHAINS                              ; ON           ; AUTO_CARRY                ;
; IGNORE_CARRY_BUFFERS                           ; OFF          ; IGNORE_CARRY              ;
; AUTO_CASCADE_CHAINS                            ; ON           ; AUTO_CASCADE              ;
; IGNORE_CASCADE_BUFFERS                         ; OFF          ; IGNORE_CASCADE            ;
; LPM_WIDTHA                                     ; 5            ; Untyped                   ;
; LPM_WIDTHB                                     ; 5            ; Untyped                   ;
; LPM_WIDTHP                                     ; 10           ; Untyped                   ;
; LPM_WIDTHR                                     ; 10           ; Untyped                   ;
; LPM_WIDTHS                                     ; 1            ; Untyped                   ;
; LPM_REPRESENTATION                             ; UNSIGNED     ; Untyped                   ;
; LPM_PIPELINE                                   ; 0            ; Untyped                   ;
; LATENCY                                        ; 0            ; Untyped                   ;
; INPUT_A_IS_CONSTANT                            ; NO           ; Untyped                   ;
; INPUT_B_IS_CONSTANT                            ; NO           ; Untyped                   ;
; USE_EAB                                        ; OFF          ; Untyped                   ;
; MAXIMIZE_SPEED                                 ; 5            ; Untyped                   ;
; DEVICE_FAMILY                                  ; Cyclone IV E ; Untyped                   ;
; CARRY_CHAIN                                    ; MANUAL       ; Untyped                   ;
; APEX20K_TECHNOLOGY_MAPPER                      ; LUT          ; TECH_MAPPER_APEX20K       ;
; DEDICATED_MULTIPLIER_CIRCUITRY                 ; AUTO         ; Untyped                   ;
; DEDICATED_MULTIPLIER_MIN_INPUT_WIDTH_FOR_AUTO  ; 0            ; Untyped                   ;
; DEDICATED_MULTIPLIER_MIN_OUTPUT_WIDTH_FOR_AUTO ; 0            ; Untyped                   ;
; CBXI_PARAMETER                                 ; mult_u9t     ; Untyped                   ;
; INPUT_A_FIXED_VALUE                            ; Bx           ; Untyped                   ;
; INPUT_B_FIXED_VALUE                            ; Bx           ; Untyped                   ;
; USE_AHDL_IMPLEMENTATION                        ; OFF          ; Untyped                   ;
+------------------------------------------------+--------------+---------------------------+
Note: In order to hide this table in the UI and the text report file, please set the "Show Parameter Settings in Synthesis Report" option in "Analysis and Synthesis Settings -> More Settings" to "Off".


+-------------------------------------------------------------------------------------------+
; Parameter Settings for Inferred Entity Instance: RegisterSwitchorALU:inst1|lpm_mult:Mult0 ;
+------------------------------------------------+--------------+---------------------------+
; Parameter Name                                 ; Value        ; Type                      ;
+------------------------------------------------+--------------+---------------------------+
; AUTO_CARRY_CHAINS                              ; ON           ; AUTO_CARRY                ;
; IGNORE_CARRY_BUFFERS                           ; OFF          ; IGNORE_CARRY              ;
; AUTO_CASCADE_CHAINS                            ; ON           ; AUTO_CASCADE              ;
; IGNORE_CASCADE_BUFFERS                         ; OFF          ; IGNORE_CASCADE            ;
; LPM_WIDTHA                                     ; 5            ; Untyped                   ;
; LPM_WIDTHB                                     ; 5            ; Untyped                   ;
; LPM_WIDTHP                                     ; 10           ; Untyped                   ;
; LPM_WIDTHR                                     ; 10           ; Untyped                   ;
; LPM_WIDTHS                                     ; 1            ; Untyped                   ;
; LPM_REPRESENTATION                             ; UNSIGNED     ; Untyped                   ;
; LPM_PIPELINE                                   ; 0            ; Untyped                   ;
; LATENCY                                        ; 0            ; Untyped                   ;
; INPUT_A_IS_CONSTANT                            ; NO           ; Untyped                   ;
; INPUT_B_IS_CONSTANT                            ; NO           ; Untyped                   ;
; USE_EAB                                        ; OFF          ; Untyped                   ;
; MAXIMIZE_SPEED                                 ; 5            ; Untyped                   ;
; DEVICE_FAMILY                                  ; Cyclone IV E ; Untyped                   ;
; CARRY_CHAIN                                    ; MANUAL       ; Untyped                   ;
; APEX20K_TECHNOLOGY_MAPPER                      ; LUT          ; TECH_MAPPER_APEX20K       ;
; DEDICATED_MULTIPLIER_CIRCUITRY                 ; AUTO         ; Untyped                   ;
; DEDICATED_MULTIPLIER_MIN_INPUT_WIDTH_FOR_AUTO  ; 0            ; Untyped                   ;
; DEDICATED_MULTIPLIER_MIN_OUTPUT_WIDTH_FOR_AUTO ; 0            ; Untyped                   ;
; CBXI_PARAMETER                                 ; mult_u9t     ; Untyped                   ;
; INPUT_A_FIXED_VALUE                            ; Bx           ; Untyped                   ;
; INPUT_B_FIXED_VALUE                            ; Bx           ; Untyped                   ;
; USE_AHDL_IMPLEMENTATION                        ; OFF          ; Untyped                   ;
+------------------------------------------------+--------------+---------------------------+
Note: In order to hide this table in the UI and the text report file, please set the "Show Parameter Settings in Synthesis Report" option in "Analysis and Synthesis Settings -> More Settings" to "Off".


+-------------------------------------------------------------------------------------------+
; Parameter Settings for Inferred Entity Instance: RegisterSwitchorALU:inst1|lpm_mult:Mult3 ;
+------------------------------------------------+--------------+---------------------------+
; Parameter Name                                 ; Value        ; Type                      ;
+------------------------------------------------+--------------+---------------------------+
; AUTO_CARRY_CHAINS                              ; ON           ; AUTO_CARRY                ;
; IGNORE_CARRY_BUFFERS                           ; OFF          ; IGNORE_CARRY              ;
; AUTO_CASCADE_CHAINS                            ; ON           ; AUTO_CASCADE              ;
; IGNORE_CASCADE_BUFFERS                         ; OFF          ; IGNORE_CASCADE            ;
; LPM_WIDTHA                                     ; 5            ; Untyped                   ;
; LPM_WIDTHB                                     ; 5            ; Untyped                   ;
; LPM_WIDTHP                                     ; 10           ; Untyped                   ;
; LPM_WIDTHR                                     ; 10           ; Untyped                   ;
; LPM_WIDTHS                                     ; 1            ; Untyped                   ;
; LPM_REPRESENTATION                             ; UNSIGNED     ; Untyped                   ;
; LPM_PIPELINE                                   ; 0            ; Untyped                   ;
; LATENCY                                        ; 0            ; Untyped                   ;
; INPUT_A_IS_CONSTANT                            ; NO           ; Untyped                   ;
; INPUT_B_IS_CONSTANT                            ; NO           ; Untyped                   ;
; USE_EAB                                        ; OFF          ; Untyped                   ;
; MAXIMIZE_SPEED                                 ; 5            ; Untyped                   ;
; DEVICE_FAMILY                                  ; Cyclone IV E ; Untyped                   ;
; CARRY_CHAIN                                    ; MANUAL       ; Untyped                   ;
; APEX20K_TECHNOLOGY_MAPPER                      ; LUT          ; TECH_MAPPER_APEX20K       ;
; DEDICATED_MULTIPLIER_CIRCUITRY                 ; AUTO         ; Untyped                   ;
; DEDICATED_MULTIPLIER_MIN_INPUT_WIDTH_FOR_AUTO  ; 0            ; Untyped                   ;
; DEDICATED_MULTIPLIER_MIN_OUTPUT_WIDTH_FOR_AUTO ; 0            ; Untyped                   ;
; CBXI_PARAMETER                                 ; mult_u9t     ; Untyped                   ;
; INPUT_A_FIXED_VALUE                            ; Bx           ; Untyped                   ;
; INPUT_B_FIXED_VALUE                            ; Bx           ; Untyped                   ;
; USE_AHDL_IMPLEMENTATION                        ; OFF          ; Untyped                   ;
+------------------------------------------------+--------------+---------------------------+
Note: In order to hide this table in the UI and the text report file, please set the "Show Parameter Settings in Synthesis Report" option in "Analysis and Synthesis Settings -> More Settings" to "Off".


+----------------------------------------------------------------------------------+
; lpm_mult Parameter Settings by Entity Instance                                   ;
+---------------------------------------+------------------------------------------+
; Name                                  ; Value                                    ;
+---------------------------------------+------------------------------------------+
; Number of entity instances            ; 4                                        ;
; Entity Instance                       ; RegisterSwitchorALU:inst1|lpm_mult:Mult2 ;
;     -- LPM_WIDTHA                     ; 5                                        ;
;     -- LPM_WIDTHB                     ; 5                                        ;
;     -- LPM_WIDTHP                     ; 10                                       ;
;     -- LPM_REPRESENTATION             ; UNSIGNED                                 ;
;     -- INPUT_A_IS_CONSTANT            ; NO                                       ;
;     -- INPUT_B_IS_CONSTANT            ; NO                                       ;
;     -- USE_EAB                        ; OFF                                      ;
;     -- DEDICATED_MULTIPLIER_CIRCUITRY ; AUTO                                     ;
;     -- INPUT_A_FIXED_VALUE            ; Bx                                       ;
;     -- INPUT_B_FIXED_VALUE            ; Bx                                       ;
; Entity Instance                       ; RegisterSwitchorALU:inst1|lpm_mult:Mult1 ;
;     -- LPM_WIDTHA                     ; 5                                        ;
;     -- LPM_WIDTHB                     ; 5                                        ;
;     -- LPM_WIDTHP                     ; 10                                       ;
;     -- LPM_REPRESENTATION             ; UNSIGNED                                 ;
;     -- INPUT_A_IS_CONSTANT            ; NO                                       ;
;     -- INPUT_B_IS_CONSTANT            ; NO                                       ;
;     -- USE_EAB                        ; OFF                                      ;
;     -- DEDICATED_MULTIPLIER_CIRCUITRY ; AUTO                                     ;
;     -- INPUT_A_FIXED_VALUE            ; Bx                                       ;
;     -- INPUT_B_FIXED_VALUE            ; Bx                                       ;
; Entity Instance                       ; RegisterSwitchorALU:inst1|lpm_mult:Mult0 ;
;     -- LPM_WIDTHA                     ; 5                                        ;
;     -- LPM_WIDTHB                     ; 5                                        ;
;     -- LPM_WIDTHP                     ; 10                                       ;
;     -- LPM_REPRESENTATION             ; UNSIGNED                                 ;
;     -- INPUT_A_IS_CONSTANT            ; NO                                       ;
;     -- INPUT_B_IS_CONSTANT            ; NO                                       ;
;     -- USE_EAB                        ; OFF                                      ;
;     -- DEDICATED_MULTIPLIER_CIRCUITRY ; AUTO                                     ;
;     -- INPUT_A_FIXED_VALUE            ; Bx                                       ;
;     -- INPUT_B_FIXED_VALUE            ; Bx                                       ;
; Entity Instance                       ; RegisterSwitchorALU:inst1|lpm_mult:Mult3 ;
;     -- LPM_WIDTHA                     ; 5                                        ;
;     -- LPM_WIDTHB                     ; 5                                        ;
;     -- LPM_WIDTHP                     ; 10                                       ;
;     -- LPM_REPRESENTATION             ; UNSIGNED                                 ;
;     -- INPUT_A_IS_CONSTANT            ; NO                                       ;
;     -- INPUT_B_IS_CONSTANT            ; NO                                       ;
;     -- USE_EAB                        ; OFF                                      ;
;     -- DEDICATED_MULTIPLIER_CIRCUITRY ; AUTO                                     ;
;     -- INPUT_A_FIXED_VALUE            ; Bx                                       ;
;     -- INPUT_B_FIXED_VALUE            ; Bx                                       ;
+---------------------------------------+------------------------------------------+


+-----------------------------------------------------+
; Post-Synthesis Netlist Statistics for Top Partition ;
+-----------------------+-----------------------------+
; Type                  ; Count                       ;
+-----------------------+-----------------------------+
; boundary_port         ; 28                          ;
; cycloneiii_ff         ; 25                          ;
;     CLR               ; 5                           ;
;     ENA               ; 15                          ;
;     ENA SCLR          ; 2                           ;
;     SCLR              ; 3                           ;
; cycloneiii_lcell_comb ; 126                         ;
;     arith             ; 5                           ;
;         3 data inputs ; 5                           ;
;     normal            ; 121                         ;
;         2 data inputs ; 6                           ;
;         3 data inputs ; 41                          ;
;         4 data inputs ; 74                          ;
; cycloneiii_mac_mult   ; 4                           ;
; cycloneiii_mac_out    ; 4                           ;
;                       ;                             ;
; Max LUT depth         ; 8.40                        ;
; Average LUT depth     ; 4.58                        ;
+-----------------------+-----------------------------+


+-------------------------------+
; Elapsed Time Per Partition    ;
+----------------+--------------+
; Partition Name ; Elapsed Time ;
+----------------+--------------+
; Top            ; 00:00:01     ;
+----------------+--------------+


+-------------------------------+
; Analysis & Synthesis Messages ;
+-------------------------------+
Info: *******************************************************************
Info: Running Quartus Prime Analysis & Synthesis
    Info: Version 18.0.0 Build 614 04/24/2018 SJ Standard Edition
    Info: Processing started: Fri May 03 00:52:47 2019
Info: Command: quartus_map --read_settings_files=on --write_settings_files=off CalcBlock -c CalcBlock
Warning (18236): Number of processors has not been specified which may cause overloading on shared machines.  Set the global assignment NUM_PARALLEL_PROCESSORS in your QSF to an appropriate value for best performance.
Info (20030): Parallel compilation is enabled and will use 4 of the 4 processors detected
Info (12021): Found 1 design units, including 1 entities, in source file calcblock.bdf
    Info (12023): Found entity 1: CalcBlock
Info (12127): Elaborating entity "CalcBlock" for the top level hierarchy
Warning (12125): Using design file registerfile.bdf, which is not specified as a design file for the current project, but contains definitions for 1 design units and 1 entities in project
    Info (12023): Found entity 1: RegisterFile
Info (12128): Elaborating entity "RegisterFile" for hierarchy "RegisterFile:inst"
Warning (275080): Converted elements in bus name "out" using legacy naming rules. Make any assignments on the new names, not on the original names.
    Warning (275081): Converted element name(s) from "out[1]" to "out1"
    Warning (275081): Converted element name(s) from "out[0]" to "out0"
    Warning (275081): Converted element name(s) from "out[4..0]" to "out4..0"
    Warning (275081): Converted element name(s) from "out[2]" to "out2"
    Warning (275081): Converted element name(s) from "out[3]" to "out3"
    Warning (275081): Converted element name(s) from "out[4]" to "out4"
    Warning (275081): Converted element name(s) from "out[1]" to "out1"
    Warning (275081): Converted element name(s) from "out[0]" to "out0"
    Warning (275081): Converted element name(s) from "out[2]" to "out2"
    Warning (275081): Converted element name(s) from "out[3]" to "out3"
    Warning (275081): Converted element name(s) from "out[4]" to "out4"
    Warning (275081): Converted element name(s) from "out[1]" to "out1"
    Warning (275081): Converted element name(s) from "out[0]" to "out0"
    Warning (275081): Converted element name(s) from "out[2]" to "out2"
    Warning (275081): Converted element name(s) from "out[3]" to "out3"
    Warning (275081): Converted element name(s) from "out[4]" to "out4"
    Warning (275081): Converted element name(s) from "out[1]" to "out1"
    Warning (275081): Converted element name(s) from "out[0]" to "out0"
    Warning (275081): Converted element name(s) from "out[2]" to "out2"
    Warning (275081): Converted element name(s) from "out[3]" to "out3"
    Warning (275081): Converted element name(s) from "out[4]" to "out4"
Warning (275080): Converted elements in bus name "Out0" using legacy naming rules. Make any assignments on the new names, not on the original names.
    Warning (275081): Converted element name(s) from "Out0[4..0]" to "Out04..0"
Warning (275080): Converted elements in bus name "Out1" using legacy naming rules. Make any assignments on the new names, not on the original names.
    Warning (275081): Converted element name(s) from "Out1[4..0]" to "Out14..0"
Warning (275080): Converted elements in bus name "Out2" using legacy naming rules. Make any assignments on the new names, not on the original names.
    Warning (275081): Converted element name(s) from "Out2[4..0]" to "Out24..0"
Warning (275080): Converted elements in bus name "Out3" using legacy naming rules. Make any assignments on the new names, not on the original names.
    Warning (275081): Converted element name(s) from "Out3[4..0]" to "Out34..0"
Warning (12125): Using design file 5bitregister.bdf, which is not specified as a design file for the current project, but contains definitions for 1 design units and 1 entities in project
    Info (12023): Found entity 1: 5BitRegister
Info (12128): Elaborating entity "5BitRegister" for hierarchy "RegisterFile:inst|5BitRegister:inst"
Warning (12125): Using design file registerswitchoralu.v, which is not specified as a design file for the current project, but contains definitions for 1 design units and 1 entities in project
    Info (12023): Found entity 1: RegisterSwitchorALU File: U:/281/Digital-Calculator/CalcBlock/registerswitchoralu.v Line: 1
Info (12128): Elaborating entity "RegisterSwitchorALU" for hierarchy "RegisterSwitchorALU:inst1"
Info (278001): Inferred 4 megafunctions from design logic
    Info (278003): Inferred multiplier megafunction ("lpm_mult") from the following logic: "RegisterSwitchorALU:inst1|Mult2" File: U:/281/Digital-Calculator/CalcBlock/registerswitchoralu.v Line: 67
    Info (278003): Inferred multiplier megafunction ("lpm_mult") from the following logic: "RegisterSwitchorALU:inst1|Mult1" File: U:/281/Digital-Calculator/CalcBlock/registerswitchoralu.v Line: 66
    Info (278003): Inferred multiplier megafunction ("lpm_mult") from the following logic: "RegisterSwitchorALU:inst1|Mult0" File: U:/281/Digital-Calculator/CalcBlock/registerswitchoralu.v Line: 65
    Info (278003): Inferred multiplier megafunction ("lpm_mult") from the following logic: "RegisterSwitchorALU:inst1|Mult3" File: U:/281/Digital-Calculator/CalcBlock/registerswitchoralu.v Line: 68
Info (12130): Elaborated megafunction instantiation "RegisterSwitchorALU:inst1|lpm_mult:Mult2" File: U:/281/Digital-Calculator/CalcBlock/registerswitchoralu.v Line: 67
Info (12133): Instantiated megafunction "RegisterSwitchorALU:inst1|lpm_mult:Mult2" with the following parameter: File: U:/281/Digital-Calculator/CalcBlock/registerswitchoralu.v Line: 67
    Info (12134): Parameter "LPM_WIDTHA" = "5"
    Info (12134): Parameter "LPM_WIDTHB" = "5"
    Info (12134): Parameter "LPM_WIDTHP" = "10"
    Info (12134): Parameter "LPM_WIDTHR" = "10"
    Info (12134): Parameter "LPM_WIDTHS" = "1"
    Info (12134): Parameter "LPM_REPRESENTATION" = "UNSIGNED"
    Info (12134): Parameter "INPUT_A_IS_CONSTANT" = "NO"
    Info (12134): Parameter "INPUT_B_IS_CONSTANT" = "NO"
    Info (12134): Parameter "MAXIMIZE_SPEED" = "5"
Info (12021): Found 1 design units, including 1 entities, in source file db/mult_u9t.tdf
    Info (12023): Found entity 1: mult_u9t File: U:/281/Digital-Calculator/CalcBlock/db/mult_u9t.tdf Line: 28
Info (12130): Elaborated megafunction instantiation "RegisterSwitchorALU:inst1|lpm_mult:Mult0" File: U:/281/Digital-Calculator/CalcBlock/registerswitchoralu.v Line: 65
Info (12133): Instantiated megafunction "RegisterSwitchorALU:inst1|lpm_mult:Mult0" with the following parameter: File: U:/281/Digital-Calculator/CalcBlock/registerswitchoralu.v Line: 65
    Info (12134): Parameter "LPM_WIDTHA" = "5"
    Info (12134): Parameter "LPM_WIDTHB" = "5"
    Info (12134): Parameter "LPM_WIDTHP" = "10"
    Info (12134): Parameter "LPM_WIDTHR" = "10"
    Info (12134): Parameter "LPM_WIDTHS" = "1"
    Info (12134): Parameter "LPM_REPRESENTATION" = "UNSIGNED"
    Info (12134): Parameter "INPUT_A_IS_CONSTANT" = "NO"
    Info (12134): Parameter "INPUT_B_IS_CONSTANT" = "NO"
    Info (12134): Parameter "MAXIMIZE_SPEED" = "5"
Info (286030): Timing-Driven Synthesis is running
Info (16010): Generating hard_block partition "hard_block:auto_generated_inst"
    Info (16011): Adding 0 node(s), including 0 DDIO, 0 PLL, 0 transceiver and 0 LCELL
Info (21057): Implemented 176 device resources after synthesis - the final resource count might be different
    Info (21058): Implemented 8 input pins
    Info (21059): Implemented 20 output pins
    Info (21061): Implemented 144 logic cells
    Info (21062): Implemented 4 DSP elements
Info: Quartus Prime Analysis & Synthesis was successful. 0 errors, 34 warnings
    Info: Peak virtual memory: 668 megabytes
    Info: Processing ended: Fri May 03 00:52:59 2019
    Info: Elapsed time: 00:00:12
    Info: Total CPU time (on all processors): 00:00:23


